Using pre-set license
Built from '2022.3/staging' branch; Version is '2022.3.11f1 (d00248457e15) revision 13632072'; Using compiler version '192829333'; Build Type 'Release'
OS: 'Windows 10  (10.0.19045) 64bit Core' Language: 'en' Physical Memory: 16111 MB
BatchMode: 1, IsHumanControllingUs: 0, StartBugReporterOnCrash: 0, Is64bit: 1, IsPro: 1

COMMAND LINE ARGUMENTS:
C:\Program Files\Unity\Hub\Editor\2022.3.11f1\Editor\Unity.exe
-adb2
-batchMode
-noUpm
-name
AssetImportWorker2
-projectPath
C:/Users/Ghada/Documents/Ing2_S1/GameDevelp/GunGame1
-logFile
Logs/AssetImportWorker2.log
-srvPort
50195
Successfully changed project path to: C:/Users/Ghada/Documents/Ing2_S1/GameDevelp/GunGame1
C:/Users/Ghada/Documents/Ing2_S1/GameDevelp/GunGame1
[UnityMemory] Configuration Parameters - Can be set up in boot.config
    "memorysetup-bucket-allocator-granularity=16"
    "memorysetup-bucket-allocator-bucket-count=8"
    "memorysetup-bucket-allocator-block-size=33554432"
    "memorysetup-bucket-allocator-block-count=8"
    "memorysetup-main-allocator-block-size=16777216"
    "memorysetup-thread-allocator-block-size=16777216"
    "memorysetup-gfx-main-allocator-block-size=16777216"
    "memorysetup-gfx-thread-allocator-block-size=16777216"
    "memorysetup-cache-allocator-block-size=4194304"
    "memorysetup-typetree-allocator-block-size=2097152"
    "memorysetup-profiler-bucket-allocator-granularity=16"
    "memorysetup-profiler-bucket-allocator-bucket-count=8"
    "memorysetup-profiler-bucket-allocator-block-size=33554432"
    "memorysetup-profiler-bucket-allocator-block-count=8"
    "memorysetup-profiler-allocator-block-size=16777216"
    "memorysetup-profiler-editor-allocator-block-size=1048576"
    "memorysetup-temp-allocator-size-main=16777216"
    "memorysetup-job-temp-allocator-block-size=2097152"
    "memorysetup-job-temp-allocator-block-size-background=1048576"
    "memorysetup-job-temp-allocator-reduction-small-platforms=262144"
    "memorysetup-allocator-temp-initial-block-size-main=262144"
    "memorysetup-allocator-temp-initial-block-size-worker=262144"
    "memorysetup-temp-allocator-size-background-worker=32768"
    "memorysetup-temp-allocator-size-job-worker=262144"
    "memorysetup-temp-allocator-size-preload-manager=33554432"
    "memorysetup-temp-allocator-size-nav-mesh-worker=65536"
    "memorysetup-temp-allocator-size-audio-worker=65536"
    "memorysetup-temp-allocator-size-cloud-worker=32768"
    "memorysetup-temp-allocator-size-gi-baking-worker=262144"
    "memorysetup-temp-allocator-size-gfx=262144"
Player connection [6116] Host "[IP] 192.168.56.1 [Port] 0 [Flags] 2 [Guid] 138054011 [EditorId] 138054011 [Version] 1048832 [Id] WindowsEditor(7,DESKTOP-NHLF1T0) [Debug] 1 [PackageName] WindowsEditor [ProjectName] Editor" joined multi-casting on [225.0.0.222:54997]...

Player connection [6116] Host "[IP] 192.168.56.1 [Port] 0 [Flags] 2 [Guid] 138054011 [EditorId] 138054011 [Version] 1048832 [Id] WindowsEditor(7,DESKTOP-NHLF1T0) [Debug] 1 [PackageName] WindowsEditor [ProjectName] Editor" joined alternative multi-casting on [225.0.0.222:34997]...

[Physics::Module] Initialized MultithreadedJobDispatcher with 11 workers.
Refreshing native plugins compatible for Editor in 47.87 ms, found 3 plugins.
Preloading 0 native plugins for Editor in 0.00 ms.
Initialize engine version: 2022.3.11f1 (d00248457e15)
[Subsystems] Discovering subsystems at path C:/Program Files/Unity/Hub/Editor/2022.3.11f1/Editor/Data/Resources/UnitySubsystems
[Subsystems] Discovering subsystems at path C:/Users/Ghada/Documents/Ing2_S1/GameDevelp/GunGame1/Assets
GfxDevice: creating device client; threaded=0; jobified=0
Direct3D:
    Version:  Direct3D 11.0 [level 11.1]
    Renderer: Intel(R) UHD Graphics 630 (ID=0x3e9b)
    Vendor:   Intel
    VRAM:     8055 MB
    Driver:   30.0.101.1404
Initialize mono
Mono path[0] = 'C:/Program Files/Unity/Hub/Editor/2022.3.11f1/Editor/Data/Managed'
Mono path[1] = 'C:/Program Files/Unity/Hub/Editor/2022.3.11f1/Editor/Data/MonoBleedingEdge/lib/mono/unityjit-win32'
Mono config path = 'C:/Program Files/Unity/Hub/Editor/2022.3.11f1/Editor/Data/MonoBleedingEdge/etc'
Using monoOptions --debugger-agent=transport=dt_socket,embedding=1,server=y,suspend=n,address=127.0.0.1:56020
Begin MonoManager ReloadAssembly
Registering precompiled unity dll's ...
Register platform support module: C:/Program Files/Unity/Hub/Editor/2022.3.11f1/Editor/Data/PlaybackEngines/AndroidPlayer/UnityEditor.Android.Extensions.dll
Register platform support module: C:/Program Files/Unity/Hub/Editor/2022.3.11f1/Editor/Data/PlaybackEngines/WindowsStandaloneSupport/UnityEditor.WindowsStandalone.Extensions.dll
Registered in 0.041254 seconds.
- Loaded All Assemblies, in  1.424 seconds
Native extension for WindowsStandalone target not found
Native extension for Android target not found
Android Extension - Scanning For ADB Devices 1425 ms
Mono: successfully reloaded assembly
- Finished resetting the current domain, in  2.847 seconds
Domain Reload Profiling: 4265ms
	BeginReloadAssembly (520ms)
		ExecutionOrderSort (0ms)
		DisableScriptedObjects (0ms)
		BackupInstance (0ms)
		ReleaseScriptingObjects (0ms)
		CreateAndSetChildDomain (2ms)
	RebuildCommonClasses (127ms)
	RebuildNativeTypeToScriptingClass (32ms)
	initialDomainReloadingComplete (241ms)
	LoadAllAssembliesAndSetupDomain (496ms)
		LoadAssemblies (515ms)
		RebuildTransferFunctionScriptingTraits (0ms)
		AnalyzeDomain (486ms)
			TypeCache.Refresh (482ms)
				TypeCache.ScanAssembly (415ms)
			ScanForSourceGeneratedMonoScriptInfo (1ms)
			ResolveRequiredComponents (2ms)
	FinalizeReload (2849ms)
		ReleaseScriptCaches (0ms)
		RebuildScriptCaches (0ms)
		SetupLoadedEditorAssemblies (2684ms)
			LogAssemblyErrors (0ms)
			InitializePlatformSupportModulesInManaged (1903ms)
			SetLoadedEditorAssemblies (28ms)
			RefreshPlugins (0ms)
			BeforeProcessingInitializeOnLoad (15ms)
			ProcessInitializeOnLoadAttributes (544ms)
			ProcessInitializeOnLoadMethodAttributes (194ms)
			AfterProcessingInitializeOnLoad (0ms)
			EditorAssembliesLoaded (0ms)
		ExecutionOrderSort2 (0ms)
		AwakeInstancesAfterBackupRestoration (0ms)
========================================================================
Worker process is ready to serve import requests
Begin MonoManager ReloadAssembly
- Loaded All Assemblies, in  3.142 seconds
Refreshing native plugins compatible for Editor in 15.94 ms, found 3 plugins.
Native extension for WindowsStandalone target not found
Native extension for Android target not found
Package Manager log level set to [2]
[Package Manager] Server::EnsureServerProcessIsRunning -- launch failed, reason: Unity was launched with the -noUpm command-line argument
[Package Manager] UpmClient::Send -- Unable to send message (not connected to UPM process).
[Package Manager] Cannot connect to Unity Package Manager local server
Mono: successfully reloaded assembly
- Finished resetting the current domain, in  2.985 seconds
Domain Reload Profiling: 6115ms
	BeginReloadAssembly (1080ms)
		ExecutionOrderSort (0ms)
		DisableScriptedObjects (36ms)
		BackupInstance (0ms)
		ReleaseScriptingObjects (1ms)
		CreateAndSetChildDomain (183ms)
	RebuildCommonClasses (274ms)
	RebuildNativeTypeToScriptingClass (48ms)
	initialDomainReloadingComplete (148ms)
	LoadAllAssembliesAndSetupDomain (1579ms)
		LoadAssemblies (1488ms)
		RebuildTransferFunctionScriptingTraits (0ms)
		AnalyzeDomain (761ms)
			TypeCache.Refresh (611ms)
				TypeCache.ScanAssembly (550ms)
			ScanForSourceGeneratedMonoScriptInfo (118ms)
			ResolveRequiredComponents (30ms)
	FinalizeReload (2987ms)
		ReleaseScriptCaches (0ms)
		RebuildScriptCaches (0ms)
		SetupLoadedEditorAssemblies (2330ms)
			LogAssemblyErrors (0ms)
			InitializePlatformSupportModulesInManaged (151ms)
			SetLoadedEditorAssemblies (15ms)
			RefreshPlugins (0ms)
			BeforeProcessingInitializeOnLoad (349ms)
			ProcessInitializeOnLoadAttributes (1713ms)
			ProcessInitializeOnLoadMethodAttributes (71ms)
			AfterProcessingInitializeOnLoad (31ms)
			EditorAssembliesLoaded (0ms)
		ExecutionOrderSort2 (0ms)
		AwakeInstancesAfterBackupRestoration (23ms)
Launched and connected shader compiler UnityShaderCompiler.exe after 0.32 seconds
Refreshing native plugins compatible for Editor in 55.50 ms, found 3 plugins.
Preloading 0 native plugins for Editor in 0.00 ms.
Unloading 3207 Unused Serialized files (Serialized files now loaded: 0)
Unloading 34 unused Assets / (377.1 KB). Loaded Objects now: 3693.
Memory consumption went from 148.1 MB to 147.7 MB.
Total: 12.150000 ms (FindLiveObjects: 0.749900 ms CreateObjectMapping: 0.840100 ms MarkObjects: 9.353300 ms  DeleteObjects: 1.202000 ms)

AssetImportParameters requested are different than current active one (requested -> active):
  custom:container-demuxer-ogg: 62fdf1f143b41e24485cea50d1cbac27 -> 
  custom:video-decoder-ogg-theora: a1e56fd34408186e4bbccfd4996cb3dc -> 
  custom:framework-win-MediaFoundation: 216162199b28c13a410421893ffa2e32 -> 
  custom:CustomObjectIndexerAttribute: 756ad292c208cfabdd7b50bc23989ffe -> 
  custom:container-demuxer-webm: 4f35f7cbe854078d1ac9338744f61a02 -> 
  custom:container-muxer-webm: aa71ff27fc2769a1b78a27578f13a17b -> 
  custom:video-decoder-webm-vp8: 9c59270c3fd7afecdb556c50c9e8de78 -> 
  custom:SearchIndexIgnoredProperties: e643bd26f0fe6173181afceb89e7c659 -> 
  custom:AudioImporter_EditorPlatform: d09bf68614088b80899f8185d706f6e7 -> 
  custom:video-encoder-webm-vp8: eb34c28f22e8b96e1ab97ce403110664 -> 
  custom:audio-decoder-ogg-vorbis: bf7c407c2cedff20999df2af8eb42d56 -> 
  custom:audio-encoder-webm-vorbis: bf7c407c2cedff20999df2af8eb42d56 -> 
========================================================================
Received Import Request.
  Time since last request: 6164.225228 seconds.
  path: Assets/MedievalTownExteriors/Prefabs/Fence_a.prefab
  artifactKey: Guid(950c0a0cf14577549b026c95956a3c99) Importer(815301076,1909f56bfc062723c751e8b465ee728b)
Start importing Assets/MedievalTownExteriors/Prefabs/Fence_a.prefab using Guid(950c0a0cf14577549b026c95956a3c99) Importer(815301076,1909f56bfc062723c751e8b465ee728b)  -> (artifact id: 'd0a83f356ea7cf6365c1801bd668a61d') in 1.059851 seconds
Number of updated asset objects reloaded before import = 0
Number of asset objects unloaded after import = 10
========================================================================
Received Import Request.
  Time since last request: 0.021797 seconds.
  path: Assets/MedievalTownExteriors/Prefabs/Grass.prefab
  artifactKey: Guid(471c1eb32c770a54ea8a1c3ffbda1de6) Importer(815301076,1909f56bfc062723c751e8b465ee728b)
Start importing Assets/MedievalTownExteriors/Prefabs/Grass.prefab using Guid(471c1eb32c770a54ea8a1c3ffbda1de6) Importer(815301076,1909f56bfc062723c751e8b465ee728b)  -> (artifact id: '4e18584ab954a5d6820f385641356175') in 0.059201 seconds
Number of updated asset objects reloaded before import = 0
Number of asset objects unloaded after import = 9
========================================================================
Received Import Request.
  Time since last request: 54.388466 seconds.
  path: Assets/MedievalTownExteriors/Prefabs/Barrel.prefab
  artifactKey: Guid(28f91da9598e39e419f3030684719fcc) Importer(815301076,1909f56bfc062723c751e8b465ee728b)
Start importing Assets/MedievalTownExteriors/Prefabs/Barrel.prefab using Guid(28f91da9598e39e419f3030684719fcc) Importer(815301076,1909f56bfc062723c751e8b465ee728b)  -> (artifact id: '912cbeb0884ba3caf42a73e0f513617f') in 0.055194 seconds
Number of updated asset objects reloaded before import = 0
Number of asset objects unloaded after import = 10
========================================================================
Received Import Request.
  Time since last request: 37.152745 seconds.
  path: Assets/MedievalTownExteriors/Prefabs/Hay_a.prefab
  artifactKey: Guid(d2455836f34483a42b6613a8fc03a747) Importer(815301076,1909f56bfc062723c751e8b465ee728b)
Start importing Assets/MedievalTownExteriors/Prefabs/Hay_a.prefab using Guid(d2455836f34483a42b6613a8fc03a747) Importer(815301076,1909f56bfc062723c751e8b465ee728b)  -> (artifact id: '9a13d7482bba62908f4f37cb7e916215') in 0.043196 seconds
Number of updated asset objects reloaded before import = 0
Number of asset objects unloaded after import = 9
========================================================================
Received Import Request.
  Time since last request: 0.324028 seconds.
  path: Assets/MedievalTownExteriors/Prefabs/Hay_c.prefab
  artifactKey: Guid(923ec327cbb4a4545af1dcb073589c9d) Importer(815301076,1909f56bfc062723c751e8b465ee728b)
Start importing Assets/MedievalTownExteriors/Prefabs/Hay_c.prefab using Guid(923ec327cbb4a4545af1dcb073589c9d) Importer(815301076,1909f56bfc062723c751e8b465ee728b)  -> (artifact id: 'afb0c2b93478bb46e48d6e2f4c110651') in 0.084879 seconds
Number of updated asset objects reloaded before import = 0
Number of asset objects unloaded after import = 9
========================================================================
Received Import Request.
  Time since last request: 0.367629 seconds.
  path: Assets/MedievalTownExteriors/Prefabs/Hay_d.prefab
  artifactKey: Guid(056578f2a60aa3f47a4459fdb1c7241c) Importer(815301076,1909f56bfc062723c751e8b465ee728b)
Start importing Assets/MedievalTownExteriors/Prefabs/Hay_d.prefab using Guid(056578f2a60aa3f47a4459fdb1c7241c) Importer(815301076,1909f56bfc062723c751e8b465ee728b)  -> (artifact id: 'e90f7cf855ad202b59bf4b15c67f5b7a') in 0.044468 seconds
Number of updated asset objects reloaded before import = 0
Number of asset objects unloaded after import = 9
========================================================================
Received Import Request.
  Time since last request: 0.025492 seconds.
  path: Assets/MedievalTownExteriors/Prefabs/Lantern_post.prefab
  artifactKey: Guid(019569278ee343c4e950e1f9afe6ec4f) Importer(815301076,1909f56bfc062723c751e8b465ee728b)
Start importing Assets/MedievalTownExteriors/Prefabs/Lantern_post.prefab using Guid(019569278ee343c4e950e1f9afe6ec4f) Importer(815301076,1909f56bfc062723c751e8b465ee728b)  -> (artifact id: '43530cb510bd86994fd44ce248fdda0b') in 0.091963 seconds
Number of updated asset objects reloaded before import = 0
Number of asset objects unloaded after import = 14
========================================================================
Received Import Request.
  Time since last request: 0.109405 seconds.
  path: Assets/MedievalTownExteriors/Prefabs/Logs_a.prefab
  artifactKey: Guid(1302c983138d8344f81486021c92aa98) Importer(815301076,1909f56bfc062723c751e8b465ee728b)
Start importing Assets/MedievalTownExteriors/Prefabs/Logs_a.prefab using Guid(1302c983138d8344f81486021c92aa98) Importer(815301076,1909f56bfc062723c751e8b465ee728b)  -> (artifact id: '537d225ba9518b76f5bfcb8f9b208d1d') in 0.112900 seconds
Number of updated asset objects reloaded before import = 0
Number of asset objects unloaded after import = 10
========================================================================
Received Import Request.
  Time since last request: 0.405823 seconds.
  path: Assets/MedievalTownExteriors/Prefabs/Logs_b.prefab
  artifactKey: Guid(737f000fba6aa60458d3ec61cb22fcc3) Importer(815301076,1909f56bfc062723c751e8b465ee728b)
Start importing Assets/MedievalTownExteriors/Prefabs/Logs_b.prefab using Guid(737f000fba6aa60458d3ec61cb22fcc3) Importer(815301076,1909f56bfc062723c751e8b465ee728b)  -> (artifact id: '235ec4ef54e133e6ecd6ed2902d73d16') in 0.092879 seconds
Number of updated asset objects reloaded before import = 0
Number of asset objects unloaded after import = 10
========================================================================
Received Import Request.
  Time since last request: 0.000087 seconds.
  path: Assets/MedievalTownExteriors/Prefabs/Mushroom_b.prefab
  artifactKey: Guid(ae446b6954a0f884abadb75f6f8c3098) Importer(815301076,1909f56bfc062723c751e8b465ee728b)
Start importing Assets/MedievalTownExteriors/Prefabs/Mushroom_b.prefab using Guid(ae446b6954a0f884abadb75f6f8c3098) Importer(815301076,1909f56bfc062723c751e8b465ee728b)  -> (artifact id: '530af197995086665e278eff6a1419c9') in 0.051926 seconds
Number of updated asset objects reloaded before import = 0
Number of asset objects unloaded after import = 9
========================================================================
Received Import Request.
  Time since last request: 0.248661 seconds.
  path: Assets/MedievalTownExteriors/Prefabs/Mushroom_c.prefab
  artifactKey: Guid(b4c76366100be8d47aaca26006e1e7d5) Importer(815301076,1909f56bfc062723c751e8b465ee728b)
Start importing Assets/MedievalTownExteriors/Prefabs/Mushroom_c.prefab using Guid(b4c76366100be8d47aaca26006e1e7d5) Importer(815301076,1909f56bfc062723c751e8b465ee728b)  -> (artifact id: '73c826417929827be57e534d77f6c87c') in 0.032883 seconds
Number of updated asset objects reloaded before import = 0
Number of asset objects unloaded after import = 9
========================================================================
Received Import Request.
  Time since last request: 6.327281 seconds.
  path: Assets/MedievalTownExteriors/Prefabs/Mushroom_d.prefab
  artifactKey: Guid(e9b889a47768c4c428cc8649f15f67b4) Importer(815301076,1909f56bfc062723c751e8b465ee728b)
Start importing Assets/MedievalTownExteriors/Prefabs/Mushroom_d.prefab using Guid(e9b889a47768c4c428cc8649f15f67b4) Importer(815301076,1909f56bfc062723c751e8b465ee728b)  -> (artifact id: '549b6487217fbdeabda708a872db42ed') in 0.036773 seconds
Number of updated asset objects reloaded before import = 0
Number of asset objects unloaded after import = 9
========================================================================
Received Import Request.
  Time since last request: 6.568212 seconds.
  path: Assets/MedievalTownExteriors/Prefabs/Rock_a.prefab
  artifactKey: Guid(6dae62de16c1a7948957ecb3f97cb911) Importer(815301076,1909f56bfc062723c751e8b465ee728b)
Start importing Assets/MedievalTownExteriors/Prefabs/Rock_a.prefab using Guid(6dae62de16c1a7948957ecb3f97cb911) Importer(815301076,1909f56bfc062723c751e8b465ee728b)  -> (artifact id: '4aca4cb8ed7c32c54fc0b9786d71948c') in 0.035652 seconds
Number of updated asset objects reloaded before import = 0
Number of asset objects unloaded after import = 9
========================================================================
Received Import Request.
  Time since last request: 0.237385 seconds.
  path: Assets/MedievalTownExteriors/Prefabs/Rock_b.prefab
  artifactKey: Guid(7d68ef85b5774b8409ac6d158e5a7709) Importer(815301076,1909f56bfc062723c751e8b465ee728b)
Start importing Assets/MedievalTownExteriors/Prefabs/Rock_b.prefab using Guid(7d68ef85b5774b8409ac6d158e5a7709) Importer(815301076,1909f56bfc062723c751e8b465ee728b)  -> (artifact id: 'b2008efbf5713fcd0d29463fe4643a92') in 0.042303 seconds
Number of updated asset objects reloaded before import = 0
Number of asset objects unloaded after import = 10
========================================================================
Received Import Request.
  Time since last request: 3.902074 seconds.
  path: Assets/MedievalTownExteriors/Prefabs/Rock_c.prefab
  artifactKey: Guid(6cec304f27f918d44b808e7706ea004d) Importer(815301076,1909f56bfc062723c751e8b465ee728b)
Start importing Assets/MedievalTownExteriors/Prefabs/Rock_c.prefab using Guid(6cec304f27f918d44b808e7706ea004d) Importer(815301076,1909f56bfc062723c751e8b465ee728b)  -> (artifact id: 'fc4526a6a33ca41fd7bf29386fd85d22') in 0.037365 seconds
Number of updated asset objects reloaded before import = 0
Number of asset objects unloaded after import = 9
========================================================================
Received Import Request.
  Time since last request: 0.009133 seconds.
  path: Assets/MedievalTownExteriors/Prefabs/Rock_d.prefab
  artifactKey: Guid(5b1f42b67720e0a448cd645f5eb8395d) Importer(815301076,1909f56bfc062723c751e8b465ee728b)
Start importing Assets/MedievalTownExteriors/Prefabs/Rock_d.prefab using Guid(5b1f42b67720e0a448cd645f5eb8395d) Importer(815301076,1909f56bfc062723c751e8b465ee728b)  -> (artifact id: '38488bbd493b393c32bf69d53ff6af2c') in 0.034970 seconds
Number of updated asset objects reloaded before import = 0
Number of asset objects unloaded after import = 10
========================================================================
Received Import Request.
  Time since last request: 0.095141 seconds.
  path: Assets/MedievalTownExteriors/Prefabs/Rock_e.prefab
  artifactKey: Guid(1d5cfa24a2d63824f8635403a99c423c) Importer(815301076,1909f56bfc062723c751e8b465ee728b)
Start importing Assets/MedievalTownExteriors/Prefabs/Rock_e.prefab using Guid(1d5cfa24a2d63824f8635403a99c423c) Importer(815301076,1909f56bfc062723c751e8b465ee728b)  -> (artifact id: '8141f7a8124282971cdbc27d9103897c') in 0.079340 seconds
Number of updated asset objects reloaded before import = 0
Number of asset objects unloaded after import = 10
========================================================================
Received Import Request.
  Time since last request: 0.087969 seconds.
  path: Assets/MedievalTownExteriors/Prefabs/Rock_f.prefab
  artifactKey: Guid(2cf3a9094991ef243837305525536bc1) Importer(815301076,1909f56bfc062723c751e8b465ee728b)
Start importing Assets/MedievalTownExteriors/Prefabs/Rock_f.prefab using Guid(2cf3a9094991ef243837305525536bc1) Importer(815301076,1909f56bfc062723c751e8b465ee728b)  -> (artifact id: '05fb8c11980756b3b2329b2c1a969891') in 0.034447 seconds
Number of updated asset objects reloaded before import = 0
Number of asset objects unloaded after import = 10
========================================================================
Received Import Request.
  Time since last request: 0.409640 seconds.
  path: Assets/MedievalTownExteriors/Prefabs/Sack_a.prefab
  artifactKey: Guid(96af99dc9638b2040ad65b33d80e5ec7) Importer(815301076,1909f56bfc062723c751e8b465ee728b)
Start importing Assets/MedievalTownExteriors/Prefabs/Sack_a.prefab using Guid(96af99dc9638b2040ad65b33d80e5ec7) Importer(815301076,1909f56bfc062723c751e8b465ee728b)  -> (artifact id: '682fdb009dcaccbbd9990f2d0c2acea3') in 0.038137 seconds
Number of updated asset objects reloaded before import = 0
Number of asset objects unloaded after import = 10
========================================================================
Received Import Request.
  Time since last request: 0.220369 seconds.
  path: Assets/MedievalTownExteriors/Prefabs/Sack_b.prefab
  artifactKey: Guid(6fd54acd041ece64482dd792ac729572) Importer(815301076,1909f56bfc062723c751e8b465ee728b)
Start importing Assets/MedievalTownExteriors/Prefabs/Sack_b.prefab using Guid(6fd54acd041ece64482dd792ac729572) Importer(815301076,1909f56bfc062723c751e8b465ee728b)  -> (artifact id: '3b649eda64664a9f97b28e401998630b') in 0.037001 seconds
Number of updated asset objects reloaded before import = 0
Number of asset objects unloaded after import = 9
========================================================================
Received Import Request.
  Time since last request: 0.275131 seconds.
  path: Assets/MedievalTownExteriors/Prefabs/Sign_a.prefab
  artifactKey: Guid(b2e054983935ebc4c959a2513ac649dc) Importer(815301076,1909f56bfc062723c751e8b465ee728b)
Start importing Assets/MedievalTownExteriors/Prefabs/Sign_a.prefab using Guid(b2e054983935ebc4c959a2513ac649dc) Importer(815301076,1909f56bfc062723c751e8b465ee728b)  -> (artifact id: 'c6ba0a2cb37e851680294bf449ea4045') in 0.032251 seconds
Number of updated asset objects reloaded before import = 0
Number of asset objects unloaded after import = 10
========================================================================
Received Import Request.
  Time since last request: 0.350631 seconds.
  path: Assets/MedievalTownExteriors/Prefabs/Sign_b.prefab
  artifactKey: Guid(223e0df8f9757ad4cb1af233c8c05c26) Importer(815301076,1909f56bfc062723c751e8b465ee728b)
Start importing Assets/MedievalTownExteriors/Prefabs/Sign_b.prefab using Guid(223e0df8f9757ad4cb1af233c8c05c26) Importer(815301076,1909f56bfc062723c751e8b465ee728b)  -> (artifact id: '4a682398b026adf7fe4be6cc8dee2d74') in 0.048856 seconds
Number of updated asset objects reloaded before import = 0
Number of asset objects unloaded after import = 10
========================================================================
Received Import Request.
  Time since last request: 0.002440 seconds.
  path: Assets/MedievalTownExteriors/Prefabs/Sign_d.prefab
  artifactKey: Guid(6fc58950172822847ade368b03b7d4dd) Importer(815301076,1909f56bfc062723c751e8b465ee728b)
Start importing Assets/MedievalTownExteriors/Prefabs/Sign_d.prefab using Guid(6fc58950172822847ade368b03b7d4dd) Importer(815301076,1909f56bfc062723c751e8b465ee728b)  -> (artifact id: '53496bc235fd35647a1bceedaf15807e') in 0.061846 seconds
Number of updated asset objects reloaded before import = 0
Number of asset objects unloaded after import = 10
========================================================================
Received Import Request.
  Time since last request: 0.215895 seconds.
  path: Assets/MedievalTownExteriors/Prefabs/Tent.prefab
  artifactKey: Guid(61fb7c015a745ea42900f99f6f123343) Importer(815301076,1909f56bfc062723c751e8b465ee728b)
Start importing Assets/MedievalTownExteriors/Prefabs/Tent.prefab using Guid(61fb7c015a745ea42900f99f6f123343) Importer(815301076,1909f56bfc062723c751e8b465ee728b)  -> (artifact id: '451d8960ae244cf5452ee01541bc5deb') in 0.035248 seconds
Number of updated asset objects reloaded before import = 0
Number of asset objects unloaded after import = 11
========================================================================
Received Import Request.
  Time since last request: 0.400058 seconds.
  path: Assets/MedievalTownExteriors/Prefabs/Well.prefab
  artifactKey: Guid(5a318dfcecda8d840adfe5cb4233410d) Importer(815301076,1909f56bfc062723c751e8b465ee728b)
Start importing Assets/MedievalTownExteriors/Prefabs/Well.prefab using Guid(5a318dfcecda8d840adfe5cb4233410d) Importer(815301076,1909f56bfc062723c751e8b465ee728b)  -> (artifact id: 'c81161b5bcc750354718abb95254c84d') in 0.039463 seconds
Number of updated asset objects reloaded before import = 0
Number of asset objects unloaded after import = 10
========================================================================
Received Import Request.
  Time since last request: 84.437307 seconds.
  path: Assets/Bullet Casing/Prefabs/Casing/7.62_Casing.prefab
  artifactKey: Guid(a12bdde7557f6a64cb021f6e2d55c7ed) Importer(815301076,1909f56bfc062723c751e8b465ee728b)
Start importing Assets/Bullet Casing/Prefabs/Casing/7.62_Casing.prefab using Guid(a12bdde7557f6a64cb021f6e2d55c7ed) Importer(815301076,1909f56bfc062723c751e8b465ee728b)  -> (artifact id: '3ec80d3b2f6123e748ec16383230e15e') in 0.138823 seconds
Number of updated asset objects reloaded before import = 0
Number of asset objects unloaded after import = 21
========================================================================
Received Import Request.
  Time since last request: 0.000035 seconds.
  path: Assets/Standard Assets/Effects/Projectors/Prefabs/BlobShadowProjector.prefab
  artifactKey: Guid(28a5e79925e3ce04a82856c16a572cbe) Importer(815301076,1909f56bfc062723c751e8b465ee728b)
Start importing Assets/Standard Assets/Effects/Projectors/Prefabs/BlobShadowProjector.prefab using Guid(28a5e79925e3ce04a82856c16a572cbe) Importer(815301076,1909f56bfc062723c751e8b465ee728b)  -> (artifact id: '4c3f22e4099e9b27bd2634eb86294bea') in 0.004911 seconds
Number of updated asset objects reloaded before import = 0
Number of asset objects unloaded after import = 5
========================================================================
Received Import Request.
  Time since last request: 0.000142 seconds.
  path: Assets/Bullet Casing/Prefabs/Casing/9x19_Casing.prefab
  artifactKey: Guid(522b470e09ed8b8488c6b8788f9d6206) Importer(815301076,1909f56bfc062723c751e8b465ee728b)
Start importing Assets/Bullet Casing/Prefabs/Casing/9x19_Casing.prefab using Guid(522b470e09ed8b8488c6b8788f9d6206) Importer(815301076,1909f56bfc062723c751e8b465ee728b)  -> (artifact id: '41d95a3d582629561461260e07bf6baf') in 0.092382 seconds
Number of updated asset objects reloaded before import = 0
Number of asset objects unloaded after import = 21
========================================================================
Received Import Request.
  Time since last request: 0.000053 seconds.
  path: Assets/Standard Assets/Vehicles/Aircraft/Models/AircraftFuselage.fbx
  artifactKey: Guid(4fea6053a1424d44daf193f09be2d491) Importer(815301076,1909f56bfc062723c751e8b465ee728b)
Start importing Assets/Standard Assets/Vehicles/Aircraft/Models/AircraftFuselage.fbx using Guid(4fea6053a1424d44daf193f09be2d491) Importer(815301076,1909f56bfc062723c751e8b465ee728b)  -> (artifact id: '7ac1933787532e344319cd070dc9d8bc') in 0.527546 seconds
Number of updated asset objects reloaded before import = 0
Number of asset objects unloaded after import = 32
========================================================================
Received Import Request.
  Time since last request: 0.000101 seconds.
  path: Assets/MedievalTownExteriors/Meshes/Building_c_collider.fbx
  artifactKey: Guid(2504be7eb69b8d64eb52456b112b1623) Importer(815301076,1909f56bfc062723c751e8b465ee728b)
Start importing Assets/MedievalTownExteriors/Meshes/Building_c_collider.fbx using Guid(2504be7eb69b8d64eb52456b112b1623) Importer(815301076,1909f56bfc062723c751e8b465ee728b)  -> (artifact id: '53e390a441568a4f46ffc58a39d5487d') in 0.120945 seconds
Number of updated asset objects reloaded before import = 0
Number of asset objects unloaded after import = 8
========================================================================
Received Import Request.
  Time since last request: 0.000057 seconds.
  path: Assets/MedievalTownExteriors/Meshes/Building_b.fbx
  artifactKey: Guid(44d5a16e059aef84b864c5ddf0ebcdde) Importer(815301076,1909f56bfc062723c751e8b465ee728b)
Start importing Assets/MedievalTownExteriors/Meshes/Building_b.fbx using Guid(44d5a16e059aef84b864c5ddf0ebcdde) Importer(815301076,1909f56bfc062723c751e8b465ee728b)  -> (artifact id: '8956cbd6abede597140b1345e19fb586') in 0.178835 seconds
Number of updated asset objects reloaded before import = 0
Number of asset objects unloaded after import = 9
========================================================================
Received Import Request.
  Time since last request: 0.000080 seconds.
  path: Assets/Standard Assets/Vehicles/Aircraft/Models/AircraftWingsPropeller.fbx
  artifactKey: Guid(8fb5ebe73f3784e4fab98b15f1299e76) Importer(815301076,1909f56bfc062723c751e8b465ee728b)
Start importing Assets/Standard Assets/Vehicles/Aircraft/Models/AircraftWingsPropeller.fbx using Guid(8fb5ebe73f3784e4fab98b15f1299e76) Importer(815301076,1909f56bfc062723c751e8b465ee728b)  -> (artifact id: '4e723c1aaa9ae8ab16a14d41008d92aa') in 1.055083 seconds
Number of updated asset objects reloaded before import = 0
Number of asset objects unloaded after import = 99
========================================================================
Received Import Request.
  Time since last request: 0.000097 seconds.
  path: Assets/Bullet Casing/Models/556x45.fbx
  artifactKey: Guid(c667a58b9adcfc74aa34977f2b970d9e) Importer(815301076,1909f56bfc062723c751e8b465ee728b)
Start importing Assets/Bullet Casing/Models/556x45.fbx using Guid(c667a58b9adcfc74aa34977f2b970d9e) Importer(815301076,1909f56bfc062723c751e8b465ee728b)  -> (artifact id: '1380c9641404c647848a754156bfacbe') in 0.158281 seconds
Number of updated asset objects reloaded before import = 0
Number of asset objects unloaded after import = 11
========================================================================
Received Import Request.
  Time since last request: 0.000091 seconds.
  path: Assets/MedievalTownExteriors/Meshes/Barrel.fbx
  artifactKey: Guid(9cb9de2fa58928944a5ced7e6b047238) Importer(815301076,1909f56bfc062723c751e8b465ee728b)
Start importing Assets/MedievalTownExteriors/Meshes/Barrel.fbx using Guid(9cb9de2fa58928944a5ced7e6b047238) Importer(815301076,1909f56bfc062723c751e8b465ee728b)  -> (artifact id: '2528782a426d95b29506fcb44ca077d6') in 0.037082 seconds
Number of updated asset objects reloaded before import = 0
Number of asset objects unloaded after import = 9
========================================================================
Received Import Request.
  Time since last request: 0.000042 seconds.
  path: Assets/MedievalTownExteriors/Meshes/Building_b_collider.fbx
  artifactKey: Guid(190601c6ad4761d45b65274b5f33fb3d) Importer(815301076,1909f56bfc062723c751e8b465ee728b)
Start importing Assets/MedievalTownExteriors/Meshes/Building_b_collider.fbx using Guid(190601c6ad4761d45b65274b5f33fb3d) Importer(815301076,1909f56bfc062723c751e8b465ee728b)  -> (artifact id: '941236bde26c2d02225e19bbd175f246') in 0.139019 seconds
Number of updated asset objects reloaded before import = 0
Number of asset objects unloaded after import = 8
========================================================================
Received Import Request.
  Time since last request: 0.000082 seconds.
  path: Assets/MedievalTownExteriors/Meshes/Building_d.fbx
  artifactKey: Guid(4d3f75b896990d94093409da2894e8a9) Importer(815301076,1909f56bfc062723c751e8b465ee728b)
Start importing Assets/MedievalTownExteriors/Meshes/Building_d.fbx using Guid(4d3f75b896990d94093409da2894e8a9) Importer(815301076,1909f56bfc062723c751e8b465ee728b)  -> (artifact id: 'd6be2d8436c20716ddc05f562f875f8a') in 0.109940 seconds
Number of updated asset objects reloaded before import = 0
Number of asset objects unloaded after import = 9
========================================================================
Received Import Request.
  Time since last request: 0.000048 seconds.
  path: Assets/Standard Assets/Vehicles/Aircraft/Models/AircraftWingsJet.fbx
  artifactKey: Guid(63742edd796d522458d772b44affdf9b) Importer(815301076,1909f56bfc062723c751e8b465ee728b)
Start importing Assets/Standard Assets/Vehicles/Aircraft/Models/AircraftWingsJet.fbx using Guid(63742edd796d522458d772b44affdf9b) Importer(815301076,1909f56bfc062723c751e8b465ee728b)  -> (artifact id: 'e2a5eba995f04df6046ebd358f1fbe52') in 0.693612 seconds
Number of updated asset objects reloaded before import = 0
Number of asset objects unloaded after import = 92
========================================================================
Received Import Request.
  Time since last request: 0.000057 seconds.
  path: Assets/Bullet Casing/Models/762x39.fbx
  artifactKey: Guid(ce31e31567a6ecc43ae3e562b767400a) Importer(815301076,1909f56bfc062723c751e8b465ee728b)
Start importing Assets/Bullet Casing/Models/762x39.fbx using Guid(ce31e31567a6ecc43ae3e562b767400a) Importer(815301076,1909f56bfc062723c751e8b465ee728b)  -> (artifact id: '7fb3a28133d93c8766d40b4bc2e75559') in 0.110090 seconds
Number of updated asset objects reloaded before import = 0
Number of asset objects unloaded after import = 12
========================================================================
Received Import Request.
  Time since last request: 0.000057 seconds.
  path: Assets/Standard Assets/ParticleSystems/Prefabs/Afterburner.prefab
  artifactKey: Guid(d8c41be67f41aa545ae053b0b927f821) Importer(815301076,1909f56bfc062723c751e8b465ee728b)
Start importing Assets/Standard Assets/ParticleSystems/Prefabs/Afterburner.prefab using Guid(d8c41be67f41aa545ae053b0b927f821) Importer(815301076,1909f56bfc062723c751e8b465ee728b)  -> (artifact id: 'a7081498b531b9bd69ec244f51dc42be') in 0.151786 seconds
Number of updated asset objects reloaded before import = 0
Number of asset objects unloaded after import = 13
========================================================================
Received Import Request.
  Time since last request: 0.000030 seconds.
  path: Assets/Standard Assets/Vehicles/Aircraft/Prefabs/AircraftJetAI.prefab
  artifactKey: Guid(6f7604981ce4c064cbe5284c437c5699) Importer(815301076,1909f56bfc062723c751e8b465ee728b)
Start importing Assets/Standard Assets/Vehicles/Aircraft/Prefabs/AircraftJetAI.prefab using Guid(6f7604981ce4c064cbe5284c437c5699) Importer(815301076,1909f56bfc062723c751e8b465ee728b)  -> (artifact id: '67f4905827fe32bb1caaee0870864223') in 0.530494 seconds
Number of updated asset objects reloaded before import = 0
Number of asset objects unloaded after import = 243
========================================================================
Received Import Request.
  Time since last request: 0.000075 seconds.
  path: Assets/Standard Assets/Prototyping/Prefabs/BlockPrototype04x04x04.prefab
  artifactKey: Guid(ab33e6080ae416b4d899f39fa8951b98) Importer(815301076,1909f56bfc062723c751e8b465ee728b)
Start importing Assets/Standard Assets/Prototyping/Prefabs/BlockPrototype04x04x04.prefab using Guid(ab33e6080ae416b4d899f39fa8951b98) Importer(815301076,1909f56bfc062723c751e8b465ee728b)  -> (artifact id: '264ded6107c1ec4c339089564ae6408c') in 0.758969 seconds
Number of updated asset objects reloaded before import = 0
Number of asset objects unloaded after import = 11
========================================================================
Received Import Request.
  Time since last request: 0.000046 seconds.
  path: Assets/MedievalTownExteriors/Meshes/Cart_a.fbx
  artifactKey: Guid(84e347959058f664f8aa7ea1fbe027c3) Importer(815301076,1909f56bfc062723c751e8b465ee728b)
Start importing Assets/MedievalTownExteriors/Meshes/Cart_a.fbx using Guid(84e347959058f664f8aa7ea1fbe027c3) Importer(815301076,1909f56bfc062723c751e8b465ee728b)  -> (artifact id: 'f433d868fc3deed68679f3170adb5b3b') in 0.185666 seconds
Number of updated asset objects reloaded before import = 0
Number of asset objects unloaded after import = 16
========================================================================
Received Import Request.
  Time since last request: 0.000029 seconds.
  path: Assets/Standard Assets/2D/Prefabs/CharacterRobotBoy.prefab
  artifactKey: Guid(87a2357765801c34292d6718d8b4d770) Importer(815301076,1909f56bfc062723c751e8b465ee728b)
Start importing Assets/Standard Assets/2D/Prefabs/CharacterRobotBoy.prefab using Guid(87a2357765801c34292d6718d8b4d770) Importer(815301076,1909f56bfc062723c751e8b465ee728b)  -> (artifact id: '3282e3ba3cb1adcac61fa93cec336c72') in 0.231127 seconds
Number of updated asset objects reloaded before import = 0
Number of asset objects unloaded after import = 153
========================================================================
Received Import Request.
  Time since last request: 0.000050 seconds.
  path: Assets/Standard Assets/2D/Prefabs/CollisionSlider.prefab
  artifactKey: Guid(2a71c12ae885e4f80b5144a4652bbeb4) Importer(815301076,1909f56bfc062723c751e8b465ee728b)
Start importing Assets/Standard Assets/2D/Prefabs/CollisionSlider.prefab using Guid(2a71c12ae885e4f80b5144a4652bbeb4) Importer(815301076,1909f56bfc062723c751e8b465ee728b)  -> (artifact id: 'd2aa6bf80b6874bdcbd0601820a7f988') in 0.007228 seconds
Number of updated asset objects reloaded before import = 0
Number of asset objects unloaded after import = 5
========================================================================
Received Import Request.
  Time since last request: 0.000058 seconds.
  path: Assets/Standard Assets/Vehicles/Car/Prefabs/Car.prefab
  artifactKey: Guid(0e7ee4df08df88c4880f43398f9ad2c2) Importer(815301076,1909f56bfc062723c751e8b465ee728b)
Start importing Assets/Standard Assets/Vehicles/Car/Prefabs/Car.prefab using Guid(0e7ee4df08df88c4880f43398f9ad2c2) Importer(815301076,1909f56bfc062723c751e8b465ee728b)  -> (artifact id: '9710122707637f8b549691220086e3c7') in 1.036835 seconds
Number of updated asset objects reloaded before import = 0
Number of asset objects unloaded after import = 157
========================================================================
Received Import Request.
  Time since last request: 0.000052 seconds.
  path: Assets/MedievalTownExteriors/Meshes/Building_d_collider.fbx
  artifactKey: Guid(cfc4f2e2573cec443921be97e48247c8) Importer(815301076,1909f56bfc062723c751e8b465ee728b)
Start importing Assets/MedievalTownExteriors/Meshes/Building_d_collider.fbx using Guid(cfc4f2e2573cec443921be97e48247c8) Importer(815301076,1909f56bfc062723c751e8b465ee728b)  -> (artifact id: 'ca040a5eeef422744e776fc19cb68a08') in 0.034859 seconds
Number of updated asset objects reloaded before import = 0
Number of asset objects unloaded after import = 8
========================================================================
Received Import Request.
  Time since last request: 0.000087 seconds.
  path: Assets/Standard Assets/CrossPlatformInput/Prefabs/CarTiltControls.prefab
  artifactKey: Guid(174090ae7f9eff84abe76f0ff062efac) Importer(815301076,1909f56bfc062723c751e8b465ee728b)
Start importing Assets/Standard Assets/CrossPlatformInput/Prefabs/CarTiltControls.prefab using Guid(174090ae7f9eff84abe76f0ff062efac) Importer(815301076,1909f56bfc062723c751e8b465ee728b)  -> (artifact id: 'b1c9b403361aa09aab3104c7c9cc64a8') in 0.058017 seconds
Number of updated asset objects reloaded before import = 0
Number of asset objects unloaded after import = 32
========================================================================
Received Import Request.
  Time since last request: 0.000036 seconds.
  path: Assets/MedievalTownExteriors/Meshes/Cart_Wheel_a.fbx
  artifactKey: Guid(24604ce785089a84fac68808959ebd89) Importer(815301076,1909f56bfc062723c751e8b465ee728b)
Start importing Assets/MedievalTownExteriors/Meshes/Cart_Wheel_a.fbx using Guid(24604ce785089a84fac68808959ebd89) Importer(815301076,1909f56bfc062723c751e8b465ee728b)  -> (artifact id: '05516d5df744ebb2c94bdcf7ff358905') in 0.048865 seconds
Number of updated asset objects reloaded before import = 0
Number of asset objects unloaded after import = 9
========================================================================
Received Import Request.
  Time since last request: 0.000045 seconds.
  path: Assets/MedievalTownExteriors/Meshes/Cart_b.fbx
  artifactKey: Guid(70ef64d39d8ebc04a96a0c1a0f6d1419) Importer(815301076,1909f56bfc062723c751e8b465ee728b)
Start importing Assets/MedievalTownExteriors/Meshes/Cart_b.fbx using Guid(70ef64d39d8ebc04a96a0c1a0f6d1419) Importer(815301076,1909f56bfc062723c751e8b465ee728b)  -> (artifact id: '8bfdf304fa18cb395cfc81a8dbd1485f') in 0.195028 seconds
Number of updated asset objects reloaded before import = 0
Number of asset objects unloaded after import = 16
========================================================================
Received Import Request.
  Time since last request: 0.000049 seconds.
  path: Assets/MedievalTownExteriors/Meshes/Building_f.fbx
  artifactKey: Guid(29e40ab38a9e80c4c97af51e1991328f) Importer(815301076,1909f56bfc062723c751e8b465ee728b)
Start importing Assets/MedievalTownExteriors/Meshes/Building_f.fbx using Guid(29e40ab38a9e80c4c97af51e1991328f) Importer(815301076,1909f56bfc062723c751e8b465ee728b)  -> (artifact id: '5e3d3184ed01b47fcb80927ff1dd4d91') in 0.133930 seconds
Number of updated asset objects reloaded before import = 0
Number of asset objects unloaded after import = 9
========================================================================
Received Import Request.
  Time since last request: 0.000097 seconds.
  path: Assets/Standard Assets/Vehicles/Aircraft/Prefabs/AircraftPropellerAi.prefab
  artifactKey: Guid(cd707c1f484f43249bab272ac76a0174) Importer(815301076,1909f56bfc062723c751e8b465ee728b)
Start importing Assets/Standard Assets/Vehicles/Aircraft/Prefabs/AircraftPropellerAi.prefab using Guid(cd707c1f484f43249bab272ac76a0174) Importer(815301076,1909f56bfc062723c751e8b465ee728b)  -> (artifact id: '46efd046a2bc5d5c7c2159485442719b') in 0.312982 seconds
Number of updated asset objects reloaded before import = 0
Number of asset objects unloaded after import = 225
========================================================================
Received Import Request.
  Time since last request: 0.000054 seconds.
  path: Assets/Standard Assets/Characters/ThirdPersonCharacter/Models/Ethan.fbx
  artifactKey: Guid(b235179bd2a63d1468dd430670338c55) Importer(815301076,1909f56bfc062723c751e8b465ee728b)
Start importing Assets/Standard Assets/Characters/ThirdPersonCharacter/Models/Ethan.fbx using Guid(b235179bd2a63d1468dd430670338c55) Importer(815301076,1909f56bfc062723c751e8b465ee728b)  -> (artifact id: '7c91f9d62e4e8844b5b77067be868c02') in 0.272189 seconds
Number of updated asset objects reloaded before import = 0
Number of asset objects unloaded after import = 179
========================================================================
Received Import Request.
  Time since last request: 0.000065 seconds.
  path: Assets/Standard Assets/ParticleSystems/Prefabs/DustStormMobile.prefab
  artifactKey: Guid(ed1c797ec3736704db03a0d64d010e33) Importer(815301076,1909f56bfc062723c751e8b465ee728b)
Start importing Assets/Standard Assets/ParticleSystems/Prefabs/DustStormMobile.prefab using Guid(ed1c797ec3736704db03a0d64d010e33) Importer(815301076,1909f56bfc062723c751e8b465ee728b)  -> (artifact id: 'ebce83142932c646f321451d30c08e91') in 0.025462 seconds
Number of updated asset objects reloaded before import = 0
Number of asset objects unloaded after import = 8
========================================================================
Received Import Request.
  Time since last request: 0.000043 seconds.
  path: Assets/Standard Assets/Prototyping/Prefabs/CubePrototype02x02x02.prefab
  artifactKey: Guid(2b127815fd0f2074eae3a0c6a4786d0b) Importer(815301076,1909f56bfc062723c751e8b465ee728b)
Start importing Assets/Standard Assets/Prototyping/Prefabs/CubePrototype02x02x02.prefab using Guid(2b127815fd0f2074eae3a0c6a4786d0b) Importer(815301076,1909f56bfc062723c751e8b465ee728b)  -> (artifact id: 'c498c8ac26ebc2298b0c0fdc4c9b4394') in 0.099770 seconds
Number of updated asset objects reloaded before import = 0
Number of asset objects unloaded after import = 11
========================================================================
Received Import Request.
  Time since last request: 0.000035 seconds.
  path: Assets/Standard Assets/ParticleSystems/Prefabs/Explosion.prefab
  artifactKey: Guid(031d08f52af1daa4f929b85221519426) Importer(815301076,1909f56bfc062723c751e8b465ee728b)
Start importing Assets/Standard Assets/ParticleSystems/Prefabs/Explosion.prefab using Guid(031d08f52af1daa4f929b85221519426) Importer(815301076,1909f56bfc062723c751e8b465ee728b)  -> (artifact id: 'cf3308d2fac9df6eca09b23bcae91ee5') in 0.149174 seconds
Number of updated asset objects reloaded before import = 0
Number of asset objects unloaded after import = 52
========================================================================
Received Import Request.
  Time since last request: 0.000050 seconds.
  path: Assets/Standard Assets/Prototyping/Models/CubePrototype02x02x02.fbx
  artifactKey: Guid(df4796b594b970842b69211cb0078c5d) Importer(815301076,1909f56bfc062723c751e8b465ee728b)
Start importing Assets/Standard Assets/Prototyping/Models/CubePrototype02x02x02.fbx using Guid(df4796b594b970842b69211cb0078c5d) Importer(815301076,1909f56bfc062723c751e8b465ee728b)  -> (artifact id: '8747bfe8a6b653e9cb7ea2184a8a38d6') in 0.038246 seconds
Number of updated asset objects reloaded before import = 0
Number of asset objects unloaded after import = 10
========================================================================
Received Import Request.
  Time since last request: 0.000055 seconds.
  path: Assets/Standard Assets/2D/Prefabs/ExtentsLeft.prefab
  artifactKey: Guid(0eb16b4b3e362ef4f97494dd0e686c46) Importer(815301076,1909f56bfc062723c751e8b465ee728b)
Start importing Assets/Standard Assets/2D/Prefabs/ExtentsLeft.prefab using Guid(0eb16b4b3e362ef4f97494dd0e686c46) Importer(815301076,1909f56bfc062723c751e8b465ee728b)  -> (artifact id: '897826300ac973c3a7f1822853cf53b5') in 0.093955 seconds
Number of updated asset objects reloaded before import = 0
Number of asset objects unloaded after import = 34
========================================================================
Received Import Request.
  Time since last request: 0.000044 seconds.
  path: Assets/MedievalTownExteriors/Meshes/Crate.fbx
  artifactKey: Guid(eb4fdd308d7e5e6409868e9329ecf8b0) Importer(815301076,1909f56bfc062723c751e8b465ee728b)
Start importing Assets/MedievalTownExteriors/Meshes/Crate.fbx using Guid(eb4fdd308d7e5e6409868e9329ecf8b0) Importer(815301076,1909f56bfc062723c751e8b465ee728b)  -> (artifact id: '2e97b1b515939739c0078051db60d442') in 0.039806 seconds
Number of updated asset objects reloaded before import = 0
Number of asset objects unloaded after import = 9
========================================================================
Received Import Request.
  Time since last request: 0.000045 seconds.
  path: Assets/Standard Assets/CrossPlatformInput/Prefabs/DualTouchControls.prefab
  artifactKey: Guid(2169821f0567671499a5c10104c69c24) Importer(815301076,1909f56bfc062723c751e8b465ee728b)
Start importing Assets/Standard Assets/CrossPlatformInput/Prefabs/DualTouchControls.prefab using Guid(2169821f0567671499a5c10104c69c24) Importer(815301076,1909f56bfc062723c751e8b465ee728b)  -> (artifact id: 'c27964186e5d3647a33da4f8c6f370ce') in 0.032721 seconds
Number of updated asset objects reloaded before import = 0
Number of asset objects unloaded after import = 41
========================================================================
Received Import Request.
  Time since last request: 0.000044 seconds.
  path: Assets/Standard Assets/2D/Prefabs/ExtentsRight.prefab
  artifactKey: Guid(b241b59d6a89aff4fbf0bce77e644761) Importer(815301076,1909f56bfc062723c751e8b465ee728b)
Start importing Assets/Standard Assets/2D/Prefabs/ExtentsRight.prefab using Guid(b241b59d6a89aff4fbf0bce77e644761) Importer(815301076,1909f56bfc062723c751e8b465ee728b)  -> (artifact id: '6d506eb356ad922dca5a8634b7cb9a23') in 0.027408 seconds
Number of updated asset objects reloaded before import = 0
Number of asset objects unloaded after import = 40
========================================================================
Received Import Request.
  Time since last request: 0.000062 seconds.
  path: Assets/Standard Assets/ParticleSystems/Prefabs/FireMobile.prefab
  artifactKey: Guid(b99a0a5998b2736429fd2a2fd1d01c5e) Importer(815301076,1909f56bfc062723c751e8b465ee728b)
Start importing Assets/Standard Assets/ParticleSystems/Prefabs/FireMobile.prefab using Guid(b99a0a5998b2736429fd2a2fd1d01c5e) Importer(815301076,1909f56bfc062723c751e8b465ee728b)  -> (artifact id: 'e547591f43e4ae69c27a582c03bb8771') in 0.098075 seconds
Number of updated asset objects reloaded before import = 0
Number of asset objects unloaded after import = 24
========================================================================
Received Import Request.
  Time since last request: 0.000064 seconds.
  path: Assets/MedievalTownExteriors/Meshes/Fence_b.fbx
  artifactKey: Guid(a72ed2b34d4339644af1c666d2b5d727) Importer(815301076,1909f56bfc062723c751e8b465ee728b)
Start importing Assets/MedievalTownExteriors/Meshes/Fence_b.fbx using Guid(a72ed2b34d4339644af1c666d2b5d727) Importer(815301076,1909f56bfc062723c751e8b465ee728b)  -> (artifact id: 'f67281f7e3dfcb62490b494ef264ce74') in 0.043386 seconds
Number of updated asset objects reloaded before import = 0
Number of asset objects unloaded after import = 9
========================================================================
Received Import Request.
  Time since last request: 0.000045 seconds.
  path: Assets/Standard Assets/Prototyping/Models/FloorPrototype04x01x04.fbx
  artifactKey: Guid(080bc076ed19adb4091adca05de83d66) Importer(815301076,1909f56bfc062723c751e8b465ee728b)
Start importing Assets/Standard Assets/Prototyping/Models/FloorPrototype04x01x04.fbx using Guid(080bc076ed19adb4091adca05de83d66) Importer(815301076,1909f56bfc062723c751e8b465ee728b)  -> (artifact id: 'fd1c47066c656181d0b252517eeef57a') in 0.042533 seconds
Number of updated asset objects reloaded before import = 0
Number of asset objects unloaded after import = 10
========================================================================
Received Import Request.
  Time since last request: 0.000042 seconds.
  path: Assets/Standard Assets/Prototyping/Prefabs/FloorPrototype64x01x64.prefab
  artifactKey: Guid(3681543e5b0f59742b73073cb379cdc6) Importer(815301076,1909f56bfc062723c751e8b465ee728b)
Start importing Assets/Standard Assets/Prototyping/Prefabs/FloorPrototype64x01x64.prefab using Guid(3681543e5b0f59742b73073cb379cdc6) Importer(815301076,1909f56bfc062723c751e8b465ee728b)  -> (artifact id: '5a1f997974367b0011dda88c1d98d510') in 0.027419 seconds
Number of updated asset objects reloaded before import = 0
Number of asset objects unloaded after import = 11
========================================================================
Received Import Request.
  Time since last request: 0.000053 seconds.
  path: Assets/Standard Assets/ParticleSystems/Prefabs/FlareMobile.prefab
  artifactKey: Guid(ccbcfc705a39717429590a9f247ec30a) Importer(815301076,1909f56bfc062723c751e8b465ee728b)
Start importing Assets/Standard Assets/ParticleSystems/Prefabs/FlareMobile.prefab using Guid(ccbcfc705a39717429590a9f247ec30a) Importer(815301076,1909f56bfc062723c751e8b465ee728b)  -> (artifact id: 'a5a1b204e4ca6679005b5be1eaa8cef0') in 0.033357 seconds
Number of updated asset objects reloaded before import = 0
Number of asset objects unloaded after import = 20
========================================================================
Received Import Request.
  Time since last request: 0.000038 seconds.
  path: Assets/Standard Assets/Cameras/Prefabs/FreeLookCameraRig.prefab
  artifactKey: Guid(49a0e923d39ec3c4c8bb97699e2f2903) Importer(815301076,1909f56bfc062723c751e8b465ee728b)
Start importing Assets/Standard Assets/Cameras/Prefabs/FreeLookCameraRig.prefab using Guid(49a0e923d39ec3c4c8bb97699e2f2903) Importer(815301076,1909f56bfc062723c751e8b465ee728b)  -> (artifact id: 'edb0649fabe0353ffa4735cc73402c2c') in 0.006656 seconds
Number of updated asset objects reloaded before import = 0
Number of asset objects unloaded after import = 14
========================================================================
Received Import Request.
  Time since last request: 0.000098 seconds.
  path: Assets/Standard Assets/Cameras/Prefabs/HandheldCamera.prefab
  artifactKey: Guid(a5be31db3f71b0642af74fe491b4bc89) Importer(815301076,1909f56bfc062723c751e8b465ee728b)
Start importing Assets/Standard Assets/Cameras/Prefabs/HandheldCamera.prefab using Guid(a5be31db3f71b0642af74fe491b4bc89) Importer(815301076,1909f56bfc062723c751e8b465ee728b)  -> (artifact id: 'b745b26927e7b1b55ebae02c7e6a0ab9') in 0.008428 seconds
Number of updated asset objects reloaded before import = 0
Number of asset objects unloaded after import = 9
========================================================================
Received Import Request.
  Time since last request: 0.000055 seconds.
  path: Assets/MedievalTownExteriors/Particles/Gas.prefab
  artifactKey: Guid(093102f081492a643880e70d581f3735) Importer(815301076,1909f56bfc062723c751e8b465ee728b)
Start importing Assets/MedievalTownExteriors/Particles/Gas.prefab using Guid(093102f081492a643880e70d581f3735) Importer(815301076,1909f56bfc062723c751e8b465ee728b)  -> (artifact id: 'fabd2a12cad4b89015fee7d6b6e67328') in 0.143723 seconds
Number of updated asset objects reloaded before import = 0
Number of asset objects unloaded after import = 6
========================================================================
Received Import Request.
  Time since last request: 0.000044 seconds.
  path: Assets/MedievalTownExteriors/Meshes/Fence_c.fbx
  artifactKey: Guid(e7fb29ed36a41f044a2d8e5cf065efe8) Importer(815301076,1909f56bfc062723c751e8b465ee728b)
Start importing Assets/MedievalTownExteriors/Meshes/Fence_c.fbx using Guid(e7fb29ed36a41f044a2d8e5cf065efe8) Importer(815301076,1909f56bfc062723c751e8b465ee728b)  -> (artifact id: 'd74a296b1154ef4f6affc2624cf00d1e') in 0.037301 seconds
Number of updated asset objects reloaded before import = 0
Number of asset objects unloaded after import = 9
========================================================================
Received Import Request.
  Time since last request: 0.000066 seconds.
  path: Assets/Standard Assets/Effects/Projectors/Prefabs/GridProjector.prefab
  artifactKey: Guid(46b12845355544642bf8f9d0cb373af7) Importer(815301076,1909f56bfc062723c751e8b465ee728b)
Start importing Assets/Standard Assets/Effects/Projectors/Prefabs/GridProjector.prefab using Guid(46b12845355544642bf8f9d0cb373af7) Importer(815301076,1909f56bfc062723c751e8b465ee728b)  -> (artifact id: 'c46bcf04d1bbfc994da074eb37ad0f22') in 0.005544 seconds
Number of updated asset objects reloaded before import = 0
Number of asset objects unloaded after import = 5
========================================================================
Received Import Request.
  Time since last request: 0.000228 seconds.
  path: Assets/MedievalTownExteriors/Meshes/Hay_a.fbx
  artifactKey: Guid(12a5e908fb9e1be4fb8ae89a31af8cae) Importer(815301076,1909f56bfc062723c751e8b465ee728b)
Start importing Assets/MedievalTownExteriors/Meshes/Hay_a.fbx using Guid(12a5e908fb9e1be4fb8ae89a31af8cae) Importer(815301076,1909f56bfc062723c751e8b465ee728b)  -> (artifact id: '5e7404dc30f63ff957b41dc52e229a07') in 0.083621 seconds
Number of updated asset objects reloaded before import = 0
Number of asset objects unloaded after import = 9
========================================================================
Received Import Request.
  Time since last request: 0.000048 seconds.
  path: Assets/Standard Assets/ParticleSystems/Prefabs/ExplosionMobile.prefab
  artifactKey: Guid(645413a00f7bd0242bbd6d0e5eb6f439) Importer(815301076,1909f56bfc062723c751e8b465ee728b)
Start importing Assets/Standard Assets/ParticleSystems/Prefabs/ExplosionMobile.prefab using Guid(645413a00f7bd0242bbd6d0e5eb6f439) Importer(815301076,1909f56bfc062723c751e8b465ee728b)  -> (artifact id: '50389806a6845e4cc82b9e60365d86ee') in 0.055671 seconds
Number of updated asset objects reloaded before import = 0
Number of asset objects unloaded after import = 26
========================================================================
Received Import Request.
  Time since last request: 0.000038 seconds.
  path: Assets/MedievalTownExteriors/Meshes/Hay_b.fbx
  artifactKey: Guid(e30eaf679693c3a4da5b53730289c7c7) Importer(815301076,1909f56bfc062723c751e8b465ee728b)
Start importing Assets/MedievalTownExteriors/Meshes/Hay_b.fbx using Guid(e30eaf679693c3a4da5b53730289c7c7) Importer(815301076,1909f56bfc062723c751e8b465ee728b)  -> (artifact id: '6c624b7e44369c0ba15d929ffc974a8b') in 0.109751 seconds
Number of updated asset objects reloaded before import = 0
Number of asset objects unloaded after import = 9
========================================================================
Received Import Request.
  Time since last request: 0.000053 seconds.
  path: Assets/Standard Assets/Prototyping/Prefabs/CubePrototype08x08x08.prefab
  artifactKey: Guid(90d8e09703679534295bd2cacb73d6de) Importer(815301076,1909f56bfc062723c751e8b465ee728b)
Start importing Assets/Standard Assets/Prototyping/Prefabs/CubePrototype08x08x08.prefab using Guid(90d8e09703679534295bd2cacb73d6de) Importer(815301076,1909f56bfc062723c751e8b465ee728b)  -> (artifact id: '693bb9447025185f28352122d00dc9e7') in 0.033445 seconds
Number of updated asset objects reloaded before import = 0
Number of asset objects unloaded after import = 11
========================================================================
Received Import Request.
  Time since last request: 0.000059 seconds.
  path: Assets/Standard Assets/ParticleSystems/Prefabs/Flare.prefab
  artifactKey: Guid(0438351a6e6422d43a09930e9be00ee9) Importer(815301076,1909f56bfc062723c751e8b465ee728b)
Start importing Assets/Standard Assets/ParticleSystems/Prefabs/Flare.prefab using Guid(0438351a6e6422d43a09930e9be00ee9) Importer(815301076,1909f56bfc062723c751e8b465ee728b)  -> (artifact id: '5144196cc8a3a743d377d7f87517e869') in 0.099141 seconds
Number of updated asset objects reloaded before import = 0
Number of asset objects unloaded after import = 20
========================================================================
Received Import Request.
  Time since last request: 0.000064 seconds.
  path: Assets/Standard Assets/Vehicles/Car/Prefabs/CarWaypointBased.prefab
  artifactKey: Guid(0fb4610dba67fc24cb2a6674fb155fc1) Importer(815301076,1909f56bfc062723c751e8b465ee728b)
Start importing Assets/Standard Assets/Vehicles/Car/Prefabs/CarWaypointBased.prefab using Guid(0fb4610dba67fc24cb2a6674fb155fc1) Importer(815301076,1909f56bfc062723c751e8b465ee728b)  -> (artifact id: '77b6d98379f298c95c7eba5c60509813') in 0.096295 seconds
Number of updated asset objects reloaded before import = 0
Number of asset objects unloaded after import = 159
========================================================================
Received Import Request.
  Time since last request: 0.000062 seconds.
  path: Assets/MedievalTownExteriors/Meshes/Hay_c.fbx
  artifactKey: Guid(8c6b2953968c1a64ea5f2876c2eb1ca8) Importer(815301076,1909f56bfc062723c751e8b465ee728b)
Start importing Assets/MedievalTownExteriors/Meshes/Hay_c.fbx using Guid(8c6b2953968c1a64ea5f2876c2eb1ca8) Importer(815301076,1909f56bfc062723c751e8b465ee728b)  -> (artifact id: '8e2b88c451ede7af77bbcedd8345589f') in 0.083324 seconds
Number of updated asset objects reloaded before import = 0
Number of asset objects unloaded after import = 9
========================================================================
Received Import Request.
  Time since last request: 0.000078 seconds.
  path: Assets/Standard Assets/Prototyping/Prefabs/FloorPrototype08x01x08.prefab
  artifactKey: Guid(584a8ef4749c89745b7ae07f3ba7617f) Importer(815301076,1909f56bfc062723c751e8b465ee728b)
Start importing Assets/Standard Assets/Prototyping/Prefabs/FloorPrototype08x01x08.prefab using Guid(584a8ef4749c89745b7ae07f3ba7617f) Importer(815301076,1909f56bfc062723c751e8b465ee728b)  -> (artifact id: 'ad23eabe90a67db2df10d9d2ff706599') in 0.054908 seconds
Number of updated asset objects reloaded before import = 0
Number of asset objects unloaded after import = 11
========================================================================
Received Import Request.
  Time since last request: 0.000036 seconds.
  path: Assets/Standard Assets/Prototyping/Prefabs/CubePrototype04x04x04.prefab
  artifactKey: Guid(5d2e4237b4429b34fae4c9eb3cd9efd5) Importer(815301076,1909f56bfc062723c751e8b465ee728b)
Start importing Assets/Standard Assets/Prototyping/Prefabs/CubePrototype04x04x04.prefab using Guid(5d2e4237b4429b34fae4c9eb3cd9efd5) Importer(815301076,1909f56bfc062723c751e8b465ee728b)  -> (artifact id: '0f005af3c47bfbb5a90524a7e8be4041') in 0.026264 seconds
Number of updated asset objects reloaded before import = 0
Number of asset objects unloaded after import = 11
========================================================================
Received Import Request.
  Time since last request: 0.000038 seconds.
  path: Assets/Standard Assets/Prototyping/Models/CubePrototype04x04x04.fbx
  artifactKey: Guid(3f79402ff4ca9c54d96a09d1a77540d5) Importer(815301076,1909f56bfc062723c751e8b465ee728b)
Start importing Assets/Standard Assets/Prototyping/Models/CubePrototype04x04x04.fbx using Guid(3f79402ff4ca9c54d96a09d1a77540d5) Importer(815301076,1909f56bfc062723c751e8b465ee728b)  -> (artifact id: '42f36148d29fffe1aa1020f3ae042502') in 0.104548 seconds
Number of updated asset objects reloaded before import = 0
Number of asset objects unloaded after import = 10
========================================================================
Received Import Request.
  Time since last request: 0.000049 seconds.
  path: Assets/MedievalTownExteriors/Particles/Flies.prefab
  artifactKey: Guid(56a9e7cedd21b5c4e814e83fb02406b8) Importer(815301076,1909f56bfc062723c751e8b465ee728b)
Start importing Assets/MedievalTownExteriors/Particles/Flies.prefab using Guid(56a9e7cedd21b5c4e814e83fb02406b8) Importer(815301076,1909f56bfc062723c751e8b465ee728b)  -> (artifact id: '5000b0d7efffed07d3b9502a24f8b625') in 0.022185 seconds
Number of updated asset objects reloaded before import = 0
Number of asset objects unloaded after import = 6
========================================================================
Received Import Request.
  Time since last request: 0.000050 seconds.
  path: Assets/Standard Assets/ParticleSystems/Prefabs/DustStorm.prefab
  artifactKey: Guid(1f7aa4d40edff6e48b549003cad031e1) Importer(815301076,1909f56bfc062723c751e8b465ee728b)
Start importing Assets/Standard Assets/ParticleSystems/Prefabs/DustStorm.prefab using Guid(1f7aa4d40edff6e48b549003cad031e1) Importer(815301076,1909f56bfc062723c751e8b465ee728b)  -> (artifact id: '17e8db0047d1a36d25daf430ec9289fb') in 0.024467 seconds
Number of updated asset objects reloaded before import = 0
Number of asset objects unloaded after import = 8
========================================================================
Received Import Request.
  Time since last request: 0.000069 seconds.
  path: Assets/Standard Assets/ParticleSystems/Prefabs/Fireworks.prefab
  artifactKey: Guid(180149b1a35449044a27b451e816d2de) Importer(815301076,1909f56bfc062723c751e8b465ee728b)
Start importing Assets/Standard Assets/ParticleSystems/Prefabs/Fireworks.prefab using Guid(180149b1a35449044a27b451e816d2de) Importer(815301076,1909f56bfc062723c751e8b465ee728b)  -> (artifact id: '103af46338af03ec32d6a7d4d5ad3278') in 0.090876 seconds
Number of updated asset objects reloaded before import = 0
Number of asset objects unloaded after import = 36
========================================================================
Received Import Request.
  Time since last request: 0.000044 seconds.
  path: Assets/MedievalTownExteriors/Meshes/Building_a_collider.fbx
  artifactKey: Guid(0b9e19ddcee36b64284e78e539998427) Importer(815301076,1909f56bfc062723c751e8b465ee728b)
Start importing Assets/MedievalTownExteriors/Meshes/Building_a_collider.fbx using Guid(0b9e19ddcee36b64284e78e539998427) Importer(815301076,1909f56bfc062723c751e8b465ee728b)  -> (artifact id: 'b364f98b63f3f1b11d2321cdd45031e7') in 0.041253 seconds
Number of updated asset objects reloaded before import = 0
Number of asset objects unloaded after import = 8
========================================================================
Received Import Request.
  Time since last request: 0.000039 seconds.
  path: Assets/Standard Assets/Environment/SpeedTree/Broadleaf/Broadleaf_Mobile.spm
  artifactKey: Guid(6aab193b7693b5e4c9741f1917d2987c) Importer(815301076,1909f56bfc062723c751e8b465ee728b)
Start importing Assets/Standard Assets/Environment/SpeedTree/Broadleaf/Broadleaf_Mobile.spm using Guid(6aab193b7693b5e4c9741f1917d2987c) Importer(815301076,1909f56bfc062723c751e8b465ee728b)  -> (artifact id: '43d5bcacfac2fa1adb26ba6ad507d345') in 5.872024 seconds
Number of updated asset objects reloaded before import = 0
Number of asset objects unloaded after import = 52
========================================================================
Received Import Request.
  Time since last request: 0.000056 seconds.
  path: Assets/Standard Assets/Environment/Water (Basic)/Prefabs/WaterBasicDaytime.prefab
  artifactKey: Guid(9485b0c79d11e2e4d0007da98d76c639) Importer(815301076,1909f56bfc062723c751e8b465ee728b)
Start importing Assets/Standard Assets/Environment/Water (Basic)/Prefabs/WaterBasicDaytime.prefab using Guid(9485b0c79d11e2e4d0007da98d76c639) Importer(815301076,1909f56bfc062723c751e8b465ee728b)  -> (artifact id: 'fc1069fafd3aa2d58dccbbd0b5453736') in 0.036925 seconds
Number of updated asset objects reloaded before import = 0
Number of asset objects unloaded after import = 12
========================================================================
Received Import Request.
  Time since last request: 0.000071 seconds.
  path: Assets/Standard Assets/ParticleSystems/Prefabs/TyreBurnoutSmoke.prefab
  artifactKey: Guid(98c58c8dd46640c49bb5f557afafea7c) Importer(815301076,1909f56bfc062723c751e8b465ee728b)
Start importing Assets/Standard Assets/ParticleSystems/Prefabs/TyreBurnoutSmoke.prefab using Guid(98c58c8dd46640c49bb5f557afafea7c) Importer(815301076,1909f56bfc062723c751e8b465ee728b)  -> (artifact id: 'afc0bcfc194ccd799e0bcabea937141e') in 0.032424 seconds
Number of updated asset objects reloaded before import = 0
Number of asset objects unloaded after import = 8
========================================================================
Received Import Request.
  Time since last request: 0.000040 seconds.
  path: Assets/Standard Assets/Prototyping/Models/WallPrototype08x08x01.fbx
  artifactKey: Guid(b5290684820a94548bedb95083785116) Importer(815301076,1909f56bfc062723c751e8b465ee728b)
Start importing Assets/Standard Assets/Prototyping/Models/WallPrototype08x08x01.fbx using Guid(b5290684820a94548bedb95083785116) Importer(815301076,1909f56bfc062723c751e8b465ee728b)  -> (artifact id: 'f102ee1511f0579184002c31628de3b8') in 0.118743 seconds
Number of updated asset objects reloaded before import = 0
Number of asset objects unloaded after import = 10
========================================================================
Received Import Request.
  Time since last request: 0.000041 seconds.
  path: Assets/MedievalTownExteriors/Meshes/Sewers_entrance.fbx
  artifactKey: Guid(d095d13af8c6dd24ebd580af92a7285c) Importer(815301076,1909f56bfc062723c751e8b465ee728b)
Start importing Assets/MedievalTownExteriors/Meshes/Sewers_entrance.fbx using Guid(d095d13af8c6dd24ebd580af92a7285c) Importer(815301076,1909f56bfc062723c751e8b465ee728b)  -> (artifact id: 'd5830788bb08205f575ed341108c4114') in 0.113143 seconds
Number of updated asset objects reloaded before import = 0
Number of asset objects unloaded after import = 9
========================================================================
Received Import Request.
  Time since last request: 0.000040 seconds.
  path: Assets/Standard Assets/Prototyping/Models/StepsPrototype04x02x02.fbx
  artifactKey: Guid(900e53dd850c9cc4281be6fa21bdfea5) Importer(815301076,1909f56bfc062723c751e8b465ee728b)
Start importing Assets/Standard Assets/Prototyping/Models/StepsPrototype04x02x02.fbx using Guid(900e53dd850c9cc4281be6fa21bdfea5) Importer(815301076,1909f56bfc062723c751e8b465ee728b)  -> (artifact id: 'b3f6a3eec3c56193f7b22bf8a78b29d3') in 0.036745 seconds
Number of updated asset objects reloaded before import = 0
Number of asset objects unloaded after import = 10
========================================================================
Received Import Request.
  Time since last request: 0.000071 seconds.
  path: Assets/Standard Assets/Environment/Water/Water/Prefabs/WaterProDaytime.prefab
  artifactKey: Guid(780611a67e8e941a2b3aa96e5915a793) Importer(815301076,1909f56bfc062723c751e8b465ee728b)
Start importing Assets/Standard Assets/Environment/Water/Water/Prefabs/WaterProDaytime.prefab using Guid(780611a67e8e941a2b3aa96e5915a793) Importer(815301076,1909f56bfc062723c751e8b465ee728b)  -> (artifact id: 'ec797144d0350d106f619c1d5814bc7d') in 0.106996 seconds
Number of updated asset objects reloaded before import = 0
Number of asset objects unloaded after import = 12
========================================================================
Received Import Request.
  Time since last request: 0.000043 seconds.
  path: Assets/MedievalTownExteriors/Meshes/Well.fbx
  artifactKey: Guid(4d9f516fcb3181b41b3d31cfb88c7885) Importer(815301076,1909f56bfc062723c751e8b465ee728b)
Start importing Assets/MedievalTownExteriors/Meshes/Well.fbx using Guid(4d9f516fcb3181b41b3d31cfb88c7885) Importer(815301076,1909f56bfc062723c751e8b465ee728b)  -> (artifact id: '2aff70cd86336f83e9439e8ab8d81ac4') in 0.050292 seconds
Number of updated asset objects reloaded before import = 0
Number of asset objects unloaded after import = 9
========================================================================
Received Import Request.
  Time since last request: 0.000034 seconds.
  path: Assets/Bullet Casing/Models/Suppresser.fbx
  artifactKey: Guid(c3494dff45f9057459c43ca0ec335271) Importer(815301076,1909f56bfc062723c751e8b465ee728b)
Start importing Assets/Bullet Casing/Models/Suppresser.fbx using Guid(c3494dff45f9057459c43ca0ec335271) Importer(815301076,1909f56bfc062723c751e8b465ee728b)  -> (artifact id: '40adf96f6f6499b64ec6a8ce498fbb84') in 0.085147 seconds
Number of updated asset objects reloaded before import = 0
Number of asset objects unloaded after import = 8
========================================================================
Received Import Request.
  Time since last request: 0.000081 seconds.
  path: Assets/Standard Assets/Prototyping/Prefabs/FloorPrototype04x01x04.prefab
  artifactKey: Guid(4620f3c93dca8c94c9124d8ba443f43e) Importer(815301076,1909f56bfc062723c751e8b465ee728b)
Start importing Assets/Standard Assets/Prototyping/Prefabs/FloorPrototype04x01x04.prefab using Guid(4620f3c93dca8c94c9124d8ba443f43e) Importer(815301076,1909f56bfc062723c751e8b465ee728b)  -> (artifact id: 'd3af970b47a8f4b56d4e2814af94cdea') in 0.022664 seconds
Number of updated asset objects reloaded before import = 0
Number of asset objects unloaded after import = 11
========================================================================
Received Import Request.
  Time since last request: 0.000065 seconds.
  path: Assets/MedievalTownExteriors/Meshes/Mushroom_b.fbx
  artifactKey: Guid(75f355bbd6a4def47a15c78a9050ba98) Importer(815301076,1909f56bfc062723c751e8b465ee728b)
Start importing Assets/MedievalTownExteriors/Meshes/Mushroom_b.fbx using Guid(75f355bbd6a4def47a15c78a9050ba98) Importer(815301076,1909f56bfc062723c751e8b465ee728b)  -> (artifact id: 'c8f9a3f101c89624f5e76ef5cb6749f0') in 0.072627 seconds
Number of updated asset objects reloaded before import = 0
Number of asset objects unloaded after import = 9
========================================================================
Received Import Request.
  Time since last request: 0.000035 seconds.
  path: Assets/Standard Assets/Cameras/Prefabs/CctvCamera.prefab
  artifactKey: Guid(851d11542d51c464e89acf6875599172) Importer(815301076,1909f56bfc062723c751e8b465ee728b)
Start importing Assets/Standard Assets/Cameras/Prefabs/CctvCamera.prefab using Guid(851d11542d51c464e89acf6875599172) Importer(815301076,1909f56bfc062723c751e8b465ee728b)  -> (artifact id: '2b48c52271671dd8dee20f7b7f0262a5') in 0.006720 seconds
Number of updated asset objects reloaded before import = 0
Number of asset objects unloaded after import = 9
========================================================================
Received Import Request.
  Time since last request: 0.000052 seconds.
  path: Assets/Standard Assets/Prototyping/Models/CubePrototype08x08x08.fbx
  artifactKey: Guid(c09052c9b19f0ea4987bc4f4f981252f) Importer(815301076,1909f56bfc062723c751e8b465ee728b)
Start importing Assets/Standard Assets/Prototyping/Models/CubePrototype08x08x08.fbx using Guid(c09052c9b19f0ea4987bc4f4f981252f) Importer(815301076,1909f56bfc062723c751e8b465ee728b)  -> (artifact id: '46105c060a79562b6bdd0e94937ac332') in 0.042625 seconds
Number of updated asset objects reloaded before import = 0
Number of asset objects unloaded after import = 10
========================================================================
Received Import Request.
  Time since last request: 0.000041 seconds.
  path: Assets/Standard Assets/ParticleSystems/Prefabs/Hose.prefab
  artifactKey: Guid(fae5d333f43a55744ab0c44fecefdcae) Importer(815301076,1909f56bfc062723c751e8b465ee728b)
Start importing Assets/Standard Assets/ParticleSystems/Prefabs/Hose.prefab using Guid(fae5d333f43a55744ab0c44fecefdcae) Importer(815301076,1909f56bfc062723c751e8b465ee728b)  -> (artifact id: '4014bdd6ff2016c68065cd6b4cf5a0b4') in 0.038764 seconds
Number of updated asset objects reloaded before import = 0
Number of asset objects unloaded after import = 33
========================================================================
Received Import Request.
  Time since last request: 0.000048 seconds.
  path: Assets/Standard Assets/Prototyping/Models/RampPrototype04x02x02.fbx
  artifactKey: Guid(b9d7ac1a0f551404f8d32e1e02b64325) Importer(815301076,1909f56bfc062723c751e8b465ee728b)
Start importing Assets/Standard Assets/Prototyping/Models/RampPrototype04x02x02.fbx using Guid(b9d7ac1a0f551404f8d32e1e02b64325) Importer(815301076,1909f56bfc062723c751e8b465ee728b)  -> (artifact id: 'b1d04bef135d9234879d812a1e649353') in 0.059280 seconds
Number of updated asset objects reloaded before import = 0
Number of asset objects unloaded after import = 10
========================================================================
Received Import Request.
  Time since last request: 0.000049 seconds.
  path: Assets/Standard Assets/Environment/SpeedTree/Conifer/Conifer_Desktop.spm
  artifactKey: Guid(469edab27ab6d004d84af2c4a851bd7f) Importer(815301076,1909f56bfc062723c751e8b465ee728b)
Start importing Assets/Standard Assets/Environment/SpeedTree/Conifer/Conifer_Desktop.spm using Guid(469edab27ab6d004d84af2c4a851bd7f) Importer(815301076,1909f56bfc062723c751e8b465ee728b)  -> (artifact id: '8f51e88f1528772116af9540f319f86c') in 4.200508 seconds
Number of updated asset objects reloaded before import = 0
Number of asset objects unloaded after import = 72
========================================================================
Received Import Request.
  Time since last request: 0.000061 seconds.
  path: Assets/Standard Assets/Prototyping/Models/JoinOuterPrototype02x06x02.fbx
  artifactKey: Guid(6386a10e23c45d040a22051e6ae3b70f) Importer(815301076,1909f56bfc062723c751e8b465ee728b)
Start importing Assets/Standard Assets/Prototyping/Models/JoinOuterPrototype02x06x02.fbx using Guid(6386a10e23c45d040a22051e6ae3b70f) Importer(815301076,1909f56bfc062723c751e8b465ee728b)  -> (artifact id: 'af56ec10d57314f29f24fc67ad0f91f7') in 0.107526 seconds
Number of updated asset objects reloaded before import = 0
Number of asset objects unloaded after import = 10
========================================================================
Received Import Request.
  Time since last request: 0.000030 seconds.
  path: Assets/Standard Assets/Prototyping/Prefabs/JoinMidPrototype04x06x01.prefab
  artifactKey: Guid(04a24b5e91096bd4e8ae6fba35c4dbf8) Importer(815301076,1909f56bfc062723c751e8b465ee728b)
Start importing Assets/Standard Assets/Prototyping/Prefabs/JoinMidPrototype04x06x01.prefab using Guid(04a24b5e91096bd4e8ae6fba35c4dbf8) Importer(815301076,1909f56bfc062723c751e8b465ee728b)  -> (artifact id: '137d42d7b4098995a1ea98728522f6f4') in 0.025153 seconds
Number of updated asset objects reloaded before import = 0
Number of asset objects unloaded after import = 11
Editor requested this worker to shutdown with reason: Scaling down because of idle timeout
TcpMessagingSession - receive error: operation aborted. errorcode: 995, details: The I/O operation has been aborted because of either a thread exit or an application request.
AssetImportWorker is now disconnected from the server
Process exiting
Exiting without the bug reporter. Application will terminate with return code 0